Collection status has changed. 1
Collection has been started.
Collection has stopped. Application exit code:  0
Finalizing results
Finalizing the result
Clearing the database
The database has been cleared, elapsed time is 0.584 seconds.
Loading raw data to the database
Loading 'systemcollector-14700-kaslonFC.sc' file
Loading '14808-14880.0.trace' file
Updating precomputed scalar metrics
Raw data has been loaded to the database, elapsed time is 2.413 seconds.
Processing profile metrics and debug information
Data transformations have been finished, elapsed time is 0.001 seconds.
Setting data model parameters
Resolving module symbols
Resolving information for `VCRUNTIME140.dll'
Resolving information for `Final.exe'
Resolving information for `ntdll.dll'
Resolving information for `kernel32.dll'
Warning: Cannot locate debugging information for file `C:\Windows\SYSTEM32\ntdll.dll'.
Finalization may slow down when loading files from the symbol server specified in the project properties.
Warning: Cannot locate debugging information for file `C:\Windows\system32\VCRUNTIME140.dll'.
Warning: Cannot locate debugging information for file `C:\Windows\system32\kernel32.dll'.
Resolving information for `ucrtbase.DLL'
Warning: Cannot locate debugging information for file `C:\Windows\system32\ucrtbase.DLL'.
Resolving bottom user stack information
Resolving thread name information
Resolving call target names for dynamic code
Symbol resolution has been finished, elapsed time is 0.754 seconds.
Processing profile metrics and debug information
Deferred data transformations have been finished, elapsed time is 0.029 seconds.
Setting data model parameters
Data model parameters have been set, elapsed time is 0.048 seconds.
Precomputing frequently used data
Precomputing frequently used data
Updating precomputed scalar metrics
Precomputing frequently used data has been finished, elapsed time is 0.115 seconds.
Discarding redundant overtime data
Saving the result
Redundant overtime data has been discarded, elapsed time is 0.013 seconds.
Raw collector data has been discarded, elapsed time is 0.000 seconds.
Finalizing the result took 5.772 seconds.
Preparing data for display of survey call tree
Resolving module symbols
Resolving information for dangling locations
Resolving bottom user stack information
Resolving thread name information
Resolving call target names for dynamic code
Precomputing frequently used data
