<?xml version="1.0" encoding="UTF-8"?>
<feedback>
 <message severity="info">Analysis started...</message>
 <nop/>
 <message severity="info">Result file: C:\Users\kaslon\Desktop\IPS\Final_task\Final\Final\My Inspector Results - Final\r000mi1\r000mi1.inspxe </message>
 <nop/>
 <message severity="info">Analysis started for c:\users\kaslon\desktop\ips\final_task\final\x64\release\final.exe (pid = 12988) </message>
 <nop/>
 <message severity="info">Loaded module: c:\windows\system32\kernel32.dll, address range [0x76e50000-0x76f6efff], minimal analysis </message>
 <nop/>
 <message severity="info">Loaded module: c:\windows\system32\ntdll.dll, address range [0x77070000-0x77219fff], minimal analysis </message>
 <nop/>
 <message severity="info">Loaded module: c:\users\kaslon\desktop\ips\final_task\final\x64\release\final.exe, address range [0x13faf0000-0x13fb0efff] </message>
 <nop/>
 <message severity="info">Loaded module: c:\windows\system32\kernelbase.dll, address range [0x7fefce00000-0x7fefce69fff], minimal analysis </message>
 <nop/>
 <message severity="info">Loaded module: c:\program files (x86)\intelswtools\inspector 2019\bin64\dnclrprofinfo.dll, address range [0x7feaeeb0000-0x7feaeed8fff] </message>
 <nop/>
 <message severity="info">Unloaded module: C:\Program Files (x86)\IntelSWTools\Inspector 2019\bin64\dnclrprofinfo.dll </message>
 <nop/>
 <message severity="info">Loaded module: c:\windows\system32\msvcp140.dll, address range [0x7feaee40000-0x7feaeed8fff] </message>
 <nop/>
 <message severity="info">Loaded module: c:\windows\system32\vcruntime140.dll, address range [0x7feb9cc0000-0x7feb9cd5fff] </message>
 <nop/>
 <message severity="info">Loaded module: c:\windows\system32\ucrtbase.dll, address range [0x7feae3e0000-0x7feae4d3fff] </message>
 <nop/>
 <message severity="info">Process c:\users\kaslon\desktop\ips\final_task\final\x64\release\final.exe exited with code 0. Leak analysis starting. Please wait... </message>
 <nop/>
 <message severity="info">Completed analysis for c:\users\kaslon\desktop\ips\final_task\final\x64\release\final.exe </message>
 <nop/>
 <message severity="info">Application exit code: 0 </message>
 <nop/>
 <message severity="info">Result file: C:\Users\kaslon\Desktop\IPS\Final_task\Final\Final\My Inspector Results - Final\r000mi1\r000mi1.inspxe </message>
 <nop/>
 <message severity="info">Analysis completed</message>
 <nop/>
</feedback>
