<?xml version="1.0" encoding="utf-8"?>
<log version="1.0" tool="runtool">

<msg id="1" tool="runtool">
  <type>log-start</type>
  <arg>2020/05/20 01:20:58</arg>
</msg>
<msg id="2" tool="runtool">
  <type>collector-starts</type>
</msg>
<msg id="3" tool="runtool">
  <type>marker-file</type>
  <arg>C:\Users\kaslon\Desktop\IPS\Final_task\Final\Final\My Inspector Results - Final\r000mi1\r000mi1.inspxe</arg>
</msg>
<msg id="4" tool="mc">
  <type>EXEC_OF_INTEREST</type>
  <arg>c:\users\kaslon\desktop\ips\final_task\final\x64\release\final.exe</arg>
  <arg>12988</arg>
  <severity>INFO</severity>
  <timestamp>Wed May 20 01:21:03 2020</timestamp>
</msg>
<msg id="5" tool="mc">
  <type>MODULE_LOAD_NO_ANALYSIS</type>
  <arg>c:\windows\system32\kernel32.dll</arg>
  <arg>0x76e50000</arg>
  <arg>0x76f6efff</arg>
  <severity>INFO</severity>
  <timestamp>Wed May 20 01:21:03 2020</timestamp>
</msg>
<msg id="6" tool="mc">
  <type>MODULE_LOAD_NO_ANALYSIS</type>
  <arg>c:\windows\system32\ntdll.dll</arg>
  <arg>0x77070000</arg>
  <arg>0x77219fff</arg>
  <severity>INFO</severity>
  <timestamp>Wed May 20 01:21:03 2020</timestamp>
</msg>
<msg id="7" tool="mc">
  <type>MODULE_LOAD</type>
  <arg>c:\users\kaslon\desktop\ips\final_task\final\x64\release\final.exe</arg>
  <arg>0x13faf0000</arg>
  <arg>0x13fb0efff</arg>
  <severity>INFO</severity>
  <timestamp>Wed May 20 01:21:03 2020</timestamp>
</msg>
<msg id="8" tool="mc">
  <type>MODULE_LOAD_NO_ANALYSIS</type>
  <arg>c:\windows\system32\kernelbase.dll</arg>
  <arg>0x7fefce00000</arg>
  <arg>0x7fefce69fff</arg>
  <severity>INFO</severity>
  <timestamp>Wed May 20 01:21:03 2020</timestamp>
</msg>
<msg id="9" tool="mc">
  <type>MODULE_LOAD</type>
  <arg>c:\program files (x86)\intelswtools\inspector 2019\bin64\dnclrprofinfo.dll</arg>
  <arg>0x7feaeeb0000</arg>
  <arg>0x7feaeed8fff</arg>
  <severity>INFO</severity>
  <timestamp>Wed May 20 01:21:03 2020</timestamp>
</msg>
<msg id="10" tool="mc">
  <type>MODULE_UNLOAD</type>
  <arg>C:\Program Files (x86)\IntelSWTools\Inspector 2019\bin64\dnclrprofinfo.dll</arg>
  <severity>INFO</severity>
  <timestamp>Wed May 20 01:21:03 2020</timestamp>
</msg>
<msg id="11" tool="mc">
  <type>MODULE_LOAD</type>
  <arg>c:\windows\system32\msvcp140.dll</arg>
  <arg>0x7feaee40000</arg>
  <arg>0x7feaeed8fff</arg>
  <severity>INFO</severity>
  <timestamp>Wed May 20 01:21:03 2020</timestamp>
</msg>
<msg id="12" tool="mc">
  <type>MODULE_LOAD</type>
  <arg>c:\windows\system32\vcruntime140.dll</arg>
  <arg>0x7feb9cc0000</arg>
  <arg>0x7feb9cd5fff</arg>
  <severity>INFO</severity>
  <timestamp>Wed May 20 01:21:03 2020</timestamp>
</msg>
<msg id="13" tool="mc">
  <type>MODULE_LOAD</type>
  <arg>c:\windows\system32\ucrtbase.dll</arg>
  <arg>0x7feae3e0000</arg>
  <arg>0x7feae4d3fff</arg>
  <severity>INFO</severity>
  <timestamp>Wed May 20 01:21:04 2020</timestamp>
</msg>
<msg id="14" tool="mc">
  <type>PROCESS_COMPLETE</type>
  <arg>c:\users\kaslon\desktop\ips\final_task\final\x64\release\final.exe</arg>
  <arg>0</arg>
  <severity>INFO</severity>
  <timestamp>Wed May 20 01:21:18 2020</timestamp>
</msg>
<msg id="15" tool="mc">
  <type>ANALYSIS_COMPLETE</type>
  <arg>c:\users\kaslon\desktop\ips\final_task\final\x64\release\final.exe</arg>
  <severity>INFO</severity>
  <timestamp>Wed May 20 01:21:18 2020</timestamp>
</msg>
<msg id="16" tool="runtool">
  <type>app-exit-code</type>
  <arg>0</arg>
</msg>
<msg id="17" tool="runtool">
  <type>marker-file</type>
  <arg>C:\Users\kaslon\Desktop\IPS\Final_task\Final\Final\My Inspector Results - Final\r000mi1\r000mi1.inspxe</arg>
</msg>
<msg id="18" tool="runtool">
  <type>collector-done</type>
</msg>
<msg id="19" tool="runtool">
  <type>log-end</type>
  <arg>2020/05/20 01:21:22</arg>
</msg>

</log>

