<?xml version="1.0" encoding="utf-8" ?>
<!-- DO NOT EDIT THIS FILE -->

<log version='2.0' source='mc'>
	<!-- Successfully loaded CCRT at address 0xc4160000 - 0xc44f5000 -->
	<!-- Successfully loaded MC at address 0xc4770000 - 0xc53ea000 -->
	<!-- Analysis started for c:\users\kaslon\desktop\ips\final_task\final\x64\release\final.exe, pid = 12988 -->
	<msg id='1' source='mc'>
		<type>EXEC_OF_INTEREST</type>
		<severity>INFO</severity>
		<timestamp>Wed May 20 01:21:03 2020</timestamp>
		<arg name='path'>c:\users\kaslon\desktop\ips\final_task\final\x64\release\final.exe</arg>
		<arg name='pid'>12988</arg>
	</msg>
	<!-- Command line: C:\Program Files (x86)\IntelSWTools\Inspector 2019\bin32\pin -xyzzy -mesgoff console -xyzzy -bridge_save_x87 0 -bridge_save_mxcsr 0 -follow_execv -error_file C:\Users\kaslon\Desktop\IPS\Final_task\Final\Final\My Inspector Results - Final\r000mi1\data.0\pin_error.log -logfile C:\Users\kaslon\Desktop\IPS\Final_task\Final\Final\My Inspector Results - Final\r000mi1\data.0\pin.log -xyzzy -region_max_inss 500 -p64 C:\Program Files (x86)\IntelSWTools\Inspector 2019\bin64\pin -t64 C:\Program Files (x86)\IntelSWTools\Inspector 2019\bin64\memchkr.dll -t C:\Program Files (x86)\IntelSWTools\Inspector 2019\bin32\memchkr.dll -no-analyze-stack -no-access-checks -leak-check-on-exit -leak-check-report-reachable -check-resource-leaks -freelist-vol 0 -leak-maximum 100000 -guard-zone-size 0 -stack-depth 8 -heartbeat 1 -mrte-mode auto -working-dir C:\Users\kaslon\Desktop\IPS\Final_task\Final\Final\My Inspector Results - Final\r000mi1\data.0 -log mc_Final.log -result Final - C:\Users\kaslon\Desktop\IPS\Final_task\Final\x64\Release\Final.exe  -->
	<!-- mc's options are the following:  -->
	<!-- -help                              false -->
	<!-- -verbose                           false -->
	<!-- -xyzzy                             false -->
	<!-- -version                           false -->
	<!-- -help-all                          false -->
	<!-- -xyzzy-all                         false -->
	<!-- -report-all-instances              false -->
	<!-- -check-for-padded-structures       true -->
	<!-- -check-for-bitfields               true -->
	<!-- -analyze-stack                     false -->
	<!-- -access-checks                     false -->
	<!-- -track-origins                     true -->
	<!-- -duplicate-uninits                 false -->
	<!-- -bss-initialized                   true -->
	<!-- -align-alloc-size                  false -->
	<!-- -report-uninit-read                false -->
	<!-- -ignore-system-libraries           false -->
	<!-- -gen-suppressions                  false -->
	<!-- -leak-check-on-exit                true -->
	<!-- -leak-check-on-demand              false -->
	<!-- -leak-check-uses-baseline          true -->
	<!-- -enable-memory-growth              false -->
	<!-- -leak-check-report-reachable       true -->
	<!-- -leak-check-full                   true -->
	<!-- -check-resource-leaks              true -->
	<!-- -trace-children                    false -->
	<!-- -enable-poke                       false -->
	<!-- -jit-mode-anyway                   false -->
	<!-- -disable-probe-mode-mismatches-64  true -->
	<!-- -aggressive-callstack-caching      false -->
	<!-- -suppress-breakpoints              false -->
	<!-- -monitor-memory                    false -->
	<!-- -freelist-vol                      0 -->
	<!-- -leak-maximum                      100000 -->
	<!-- -guard-zone-size                   0 -->
	<!-- -stack-depth                       8 -->
	<!-- -heartbeat                         1 -->
	<!-- -breakpoint-file                   (null) -->
	<!-- -config-file                       (null) -->
	<!-- -log                               mc_Final.log -->
	<!-- -ignore-commands                   (null),  -->
	<!-- -ignore-modules                    (null),  -->
	<!-- -ignore-symbols                    (null),  -->
	<!-- -module-of-interest                (null),  -->
	<!-- -executable-of-interest            (null),  -->
	<!-- -working-dir                       C:\Users\kaslon\Desktop\IPS\Final_task\Final\Final\My Inspector Results - Final\r000mi1\data.0 -->
	<!-- -result                            Final -->
	<!-- -exclude-module                    (null),  -->
	<!-- -include-module                    (null),  -->
	<!-- -only-exec-commands                (null),  -->
	<!-- -suppressions                      (null),  -->
	<!-- -debug                             none -->
	<!-- -shared-mem-name                   (null) -->
	<!-- -poke-function                     (null),  -->
	<!-- -analysis-mode                     (null) -->
	<!-- -disable-gatekeeping               false -->
	<!-- -ignore-os-allocators              false -->
	<!-- -mrte-mode                         auto -->
	<!-- probe mode: yes -->
	<!-- mem leaks checks: yes -->
	<!-- res leaks checks: yes -->
	<!-- access checks: no -->
	<!-- track origin: no -->
	<!-- Environment: INTEL_LIBITTNOTIFY32=C:\Program Files (x86)\IntelSWTools\Inspector 2019\bin32\runtime\libittnotify.dll -->
	<!-- Environment: INTEL_LIBITTNOTIFY64=C:\Program Files (x86)\IntelSWTools\Inspector 2019\bin64\runtime\libittnotify.dll -->
	<!-- Environment: INTEL_JIT_PROFILER32=C:\Program Files (x86)\IntelSWTools\Inspector 2019\bin32\runtime\libittnotify.dll -->
	<!-- Environment: INTEL_JIT_PROFILER64=C:\Program Files (x86)\IntelSWTools\Inspector 2019\bin64\runtime\libittnotify.dll -->
	<!-- DIAG: 1 -->
	<!-- Unable to lookup RVA for address 0x13fafe700. Stack frame will not be reported. -->
	<!-- entry point not safe for probe insertion in kernel32.dll -->
	<!-- Module loaded c:\windows\system32\kernel32.dll, address range [0x0000000076e50000-0x0000000076f6efff], minimal analysis -->
	<msg id='2' source='mc'>
		<type>MODULE_LOAD_NO_ANALYSIS</type>
		<severity>INFO</severity>
		<timestamp>Wed May 20 01:21:03 2020</timestamp>
		<arg name='path'>c:\windows\system32\kernel32.dll</arg>
		<arg name='addr1'>0x76e50000</arg>
		<arg name='addr2'>0x76f6efff</arg>
	</msg>
	<!-- Module loaded c:\windows\system32\ntdll.dll, address range [0x0000000077070000-0x0000000077219fff], minimal analysis -->
	<msg id='3' source='mc'>
		<type>MODULE_LOAD_NO_ANALYSIS</type>
		<severity>INFO</severity>
		<timestamp>Wed May 20 01:21:03 2020</timestamp>
		<arg name='path'>c:\windows\system32\ntdll.dll</arg>
		<arg name='addr1'>0x77070000</arg>
		<arg name='addr2'>0x77219fff</arg>
	</msg>
	<!-- Module loaded c:\users\kaslon\desktop\ips\final_task\final\x64\release\final.exe, address range [0x000000013faf0000-0x000000013fb0efff] -->
	<msg id='4' source='mc'>
		<type>MODULE_LOAD</type>
		<severity>INFO</severity>
		<timestamp>Wed May 20 01:21:03 2020</timestamp>
		<arg name='path'>c:\users\kaslon\desktop\ips\final_task\final\x64\release\final.exe</arg>
		<arg name='addr1'>0x13faf0000</arg>
		<arg name='addr2'>0x13fb0efff</arg>
	</msg>
	<!-- Module loaded c:\windows\system32\kernelbase.dll, address range [0x000007fefce00000-0x000007fefce69fff], minimal analysis -->
	<msg id='5' source='mc'>
		<type>MODULE_LOAD_NO_ANALYSIS</type>
		<severity>INFO</severity>
		<timestamp>Wed May 20 01:21:03 2020</timestamp>
		<arg name='path'>c:\windows\system32\kernelbase.dll</arg>
		<arg name='addr1'>0x7fefce00000</arg>
		<arg name='addr2'>0x7fefce69fff</arg>
	</msg>
	<!-- Module loaded c:\program files (x86)\intelswtools\inspector 2019\bin64\dnclrprofinfo.dll, address range [0x000007feaeeb0000-0x000007feaeed8fff] -->
	<msg id='6' source='mc'>
		<type>MODULE_LOAD</type>
		<severity>INFO</severity>
		<timestamp>Wed May 20 01:21:03 2020</timestamp>
		<arg name='path'>c:\program files (x86)\intelswtools\inspector 2019\bin64\dnclrprofinfo.dll</arg>
		<arg name='addr1'>0x7feaeeb0000</arg>
		<arg name='addr2'>0x7feaeed8fff</arg>
	</msg>
	<!-- Module unloaded C:\Program Files (x86)\IntelSWTools\Inspector 2019\bin64\dnclrprofinfo.dll -->
	<msg id='7' source='mc'>
		<type>MODULE_UNLOAD</type>
		<severity>INFO</severity>
		<timestamp>Wed May 20 01:21:03 2020</timestamp>
		<arg name='path'>C:\Program Files (x86)\IntelSWTools\Inspector 2019\bin64\dnclrprofinfo.dll</arg>
	</msg>
	<!-- Module loaded c:\windows\system32\msvcp140.dll, address range [0x000007feaee40000-0x000007feaeed8fff] -->
	<msg id='8' source='mc'>
		<type>MODULE_LOAD</type>
		<severity>INFO</severity>
		<timestamp>Wed May 20 01:21:03 2020</timestamp>
		<arg name='path'>c:\windows\system32\msvcp140.dll</arg>
		<arg name='addr1'>0x7feaee40000</arg>
		<arg name='addr2'>0x7feaeed8fff</arg>
	</msg>
	<!-- Module loaded c:\windows\system32\vcruntime140.dll, address range [0x000007feb9cc0000-0x000007feb9cd5fff] -->
	<msg id='9' source='mc'>
		<type>MODULE_LOAD</type>
		<severity>INFO</severity>
		<timestamp>Wed May 20 01:21:03 2020</timestamp>
		<arg name='path'>c:\windows\system32\vcruntime140.dll</arg>
		<arg name='addr1'>0x7feb9cc0000</arg>
		<arg name='addr2'>0x7feb9cd5fff</arg>
	</msg>
	<!-- Module loaded c:\windows\system32\ucrtbase.dll, address range [0x000007feae3e0000-0x000007feae4d3fff] -->
	<msg id='10' source='mc'>
		<type>MODULE_LOAD</type>
		<severity>INFO</severity>
		<timestamp>Wed May 20 01:21:04 2020</timestamp>
		<arg name='path'>c:\windows\system32\ucrtbase.dll</arg>
		<arg name='addr1'>0x7feae3e0000</arg>
		<arg name='addr2'>0x7feae4d3fff</arg>
	</msg>
	<!-- DIAG: 2 -->
	<!-- Process c:\users\kaslon\desktop\ips\final_task\final\x64\release\final.exe exited with code 0. Leak analysis starting - this may take a while. -->
	<msg id='11' source='mc'>
		<type>PROCESS_COMPLETE</type>
		<severity>INFO</severity>
		<timestamp>Wed May 20 01:21:18 2020</timestamp>
		<arg name='path'>c:\users\kaslon\desktop\ips\final_task\final\x64\release\final.exe</arg>
		<arg name='code'>0</arg>
	</msg>
	<!-- Analysis completed for c:\users\kaslon\desktop\ips\final_task\final\x64\release\final.exe -->
	<msg id='12' source='mc'>
		<type>ANALYSIS_COMPLETE</type>
		<severity>INFO</severity>
		<timestamp>Wed May 20 01:21:18 2020</timestamp>
		<arg name='path'>c:\users\kaslon\desktop\ips\final_task\final\x64\release\final.exe</arg>
	</msg>