<?xml version="1.0" encoding="utf-8"?>
<log version="1.0" tool="runtool">

<msg id="1" tool="runtool">
  <type>log-start</type>
  <arg>2020/05/20 01:57:02</arg>
</msg>
<msg id="2" tool="runtool">
  <type>collector-starts</type>
</msg>
<msg id="3" tool="runtool">
  <type>marker-file</type>
  <arg>C:\Users\kaslon\Desktop\IPS\Final_task\Final\Final\My Inspector Results - Final\r011mi3\r011mi3.inspxe</arg>
</msg>
<msg id="4" tool="mc">
  <type>EXEC_OF_INTEREST</type>
  <arg>c:\users\kaslon\desktop\ips\final_task\final\x64\release\final.exe</arg>
  <arg>13552</arg>
  <severity>INFO</severity>
  <timestamp>Wed May 20 01:57:02 2020</timestamp>
</msg>
<msg id="5" tool="mc">
  <type>MODULE_LOAD</type>
  <arg>c:\windows\system32\kernel32.dll</arg>
  <arg>0x76e50000</arg>
  <arg>0x76f6efff</arg>
  <severity>INFO</severity>
  <timestamp>Wed May 20 01:57:02 2020</timestamp>
</msg>
<msg id="6" tool="mc">
  <type>MODULE_LOAD</type>
  <arg>c:\windows\system32\ntdll.dll</arg>
  <arg>0x77070000</arg>
  <arg>0x77219fff</arg>
  <severity>INFO</severity>
  <timestamp>Wed May 20 01:57:02 2020</timestamp>
</msg>
<msg id="7" tool="mc">
  <type>MODULE_LOAD</type>
  <arg>c:\users\kaslon\desktop\ips\final_task\final\x64\release\final.exe</arg>
  <arg>0x13fd30000</arg>
  <arg>0x13fd4dfff</arg>
  <severity>INFO</severity>
  <timestamp>Wed May 20 01:57:02 2020</timestamp>
</msg>
<msg id="8" tool="mc">
  <type>MODULE_LOAD</type>
  <arg>c:\windows\system32\kernelbase.dll</arg>
  <arg>0x7fefce00000</arg>
  <arg>0x7fefce69fff</arg>
  <severity>INFO</severity>
  <timestamp>Wed May 20 01:57:02 2020</timestamp>
</msg>
<msg id="9" tool="mc">
  <type>MODULE_LOAD_NO_ANALYSIS</type>
  <arg>c:\program files (x86)\intelswtools\compilers_and_libraries_2019\windows\redist\intel64\compiler\cilkrts20.dll</arg>
  <arg>0x7fea7010000</arg>
  <arg>0x7fea7062fff</arg>
  <severity>INFO</severity>
  <timestamp>Wed May 20 01:57:03 2020</timestamp>
</msg>
<msg id="10" tool="mc">
  <type>MODULE_LOAD_NO_ANALYSIS</type>
  <arg>c:\windows\system32\user32.dll</arg>
  <arg>0x76f70000</arg>
  <arg>0x77069fff</arg>
  <severity>INFO</severity>
  <timestamp>Wed May 20 01:57:04 2020</timestamp>
</msg>
<msg id="11" tool="mc">
  <type>MODULE_LOAD</type>
  <arg>c:\windows\system32\gdi32.dll</arg>
  <arg>0x7fefe110000</arg>
  <arg>0x7fefe176fff</arg>
  <severity>INFO</severity>
  <timestamp>Wed May 20 01:57:04 2020</timestamp>
</msg>
<msg id="12" tool="mc">
  <type>MODULE_LOAD</type>
  <arg>c:\windows\system32\lpk.dll</arg>
  <arg>0x7fefd550000</arg>
  <arg>0x7fefd55dfff</arg>
  <severity>INFO</severity>
  <timestamp>Wed May 20 01:57:04 2020</timestamp>
</msg>
<msg id="13" tool="mc">
  <type>MODULE_LOAD</type>
  <arg>c:\windows\system32\usp10.dll</arg>
  <arg>0x7fefd120000</arg>
  <arg>0x7fefd1eafff</arg>
  <severity>INFO</severity>
  <timestamp>Wed May 20 01:57:04 2020</timestamp>
</msg>
<msg id="14" tool="mc">
  <type>MODULE_LOAD</type>
  <arg>c:\windows\system32\msvcrt.dll</arg>
  <arg>0x7fefe2b0000</arg>
  <arg>0x7fefe34efff</arg>
  <severity>INFO</severity>
  <timestamp>Wed May 20 01:57:04 2020</timestamp>
</msg>
<msg id="15" tool="mc">
  <type>MODULE_LOAD</type>
  <arg>c:\windows\system32\msvcp140.dll</arg>
  <arg>0x7fea6f70000</arg>
  <arg>0x7fea7008fff</arg>
  <severity>INFO</severity>
  <timestamp>Wed May 20 01:57:04 2020</timestamp>
</msg>
<msg id="16" tool="mc">
  <type>MODULE_LOAD</type>
  <arg>c:\windows\system32\vcruntime140.dll</arg>
  <arg>0x7feb9cc0000</arg>
  <arg>0x7feb9cd5fff</arg>
  <severity>INFO</severity>
  <timestamp>Wed May 20 01:57:04 2020</timestamp>
</msg>
<msg id="17" tool="mc">
  <type>MODULE_LOAD</type>
  <arg>c:\windows\system32\ucrtbase.dll</arg>
  <arg>0x7fea6e70000</arg>
  <arg>0x7fea6f63fff</arg>
  <severity>INFO</severity>
  <timestamp>Wed May 20 01:57:04 2020</timestamp>
</msg>
<msg id="18" tool="mc">
  <type>MODULE_LOAD_NO_ANALYSIS</type>
  <arg>c:\windows\system32\imm32.dll</arg>
  <arg>0x7fefe010000</arg>
  <arg>0x7fefe03dfff</arg>
  <severity>INFO</severity>
  <timestamp>Wed May 20 01:57:05 2020</timestamp>
</msg>
<msg id="19" tool="mc">
  <type>MODULE_LOAD_NO_ANALYSIS</type>
  <arg>c:\windows\system32\msctf.dll</arg>
  <arg>0x7fefdb50000</arg>
  <arg>0x7fefdc58fff</arg>
  <severity>INFO</severity>
  <timestamp>Wed May 20 01:57:05 2020</timestamp>
</msg>
<msg id="20" tool="mc">
  <type>MODULE_LOAD_NO_ANALYSIS</type>
  <arg>c:\program files (x86)\intelswtools\inspector 2019\bin64\runtime\libittnotify.dll</arg>
  <arg>0x7fea6e30000</arg>
  <arg>0x7fea6e63fff</arg>
  <severity>INFO</severity>
  <timestamp>Wed May 20 01:57:06 2020</timestamp>
</msg>
<msg id="21" tool="mc">
  <type>HEARTBEAT</type>
  <arg>15236</arg>
  <arg>0</arg>
  <arg>66491</arg>
  <severity>INFO</severity>
  <timestamp>Wed May 20 01:57:08 2020</timestamp>
</msg>
<msg id="22" tool="mc">
  <type>HEARTBEAT</type>
  <arg>15236</arg>
  <arg>0</arg>
  <arg>1154429</arg>
  <severity>INFO</severity>
  <timestamp>Wed May 20 01:57:09 2020</timestamp>
</msg>
<msg id="23" tool="mc">
  <type>PROCESS_COMPLETE</type>
  <arg>c:\users\kaslon\desktop\ips\final_task\final\x64\release\final.exe</arg>
  <arg>0</arg>
  <severity>INFO</severity>
  <timestamp>Wed May 20 01:57:10 2020</timestamp>
</msg>
<msg id="24" tool="mc">
  <type>MODULE_UNLOAD</type>
  <arg>C:\Windows\system32\kernel32.dll</arg>
  <severity>INFO</severity>
  <timestamp>Wed May 20 01:57:10 2020</timestamp>
</msg>
<msg id="25" tool="mc">
  <type>MODULE_UNLOAD</type>
  <arg>C:\Windows\SYSTEM32\ntdll.dll</arg>
  <severity>INFO</severity>
  <timestamp>Wed May 20 01:57:10 2020</timestamp>
</msg>
<msg id="26" tool="mc">
  <type>MODULE_UNLOAD</type>
  <arg>C:\Users\kaslon\Desktop\IPS\Final_task\Final\x64\Release\Final.exe</arg>
  <severity>INFO</severity>
  <timestamp>Wed May 20 01:57:10 2020</timestamp>
</msg>
<msg id="27" tool="mc">
  <type>MODULE_UNLOAD</type>
  <arg>C:\Windows\system32\KERNELBASE.dll</arg>
  <severity>INFO</severity>
  <timestamp>Wed May 20 01:57:10 2020</timestamp>
</msg>
<msg id="28" tool="mc">
  <type>MODULE_UNLOAD</type>
  <arg>C:\Program Files (x86)\IntelSWTools\compilers_and_libraries_2019\windows\redist\intel64\compiler\cilkrts20.dll</arg>
  <severity>INFO</severity>
  <timestamp>Wed May 20 01:57:10 2020</timestamp>
</msg>
<msg id="29" tool="mc">
  <type>MODULE_UNLOAD</type>
  <arg>C:\Windows\system32\USER32.dll</arg>
  <severity>INFO</severity>
  <timestamp>Wed May 20 01:57:10 2020</timestamp>
</msg>
<msg id="30" tool="mc">
  <type>MODULE_UNLOAD</type>
  <arg>C:\Windows\system32\GDI32.dll</arg>
  <severity>INFO</severity>
  <timestamp>Wed May 20 01:57:10 2020</timestamp>
</msg>
<msg id="31" tool="mc">
  <type>MODULE_UNLOAD</type>
  <arg>C:\Windows\system32\LPK.dll</arg>
  <severity>INFO</severity>
  <timestamp>Wed May 20 01:57:10 2020</timestamp>
</msg>
<msg id="32" tool="mc">
  <type>MODULE_UNLOAD</type>
  <arg>C:\Windows\system32\USP10.dll</arg>
  <severity>INFO</severity>
  <timestamp>Wed May 20 01:57:10 2020</timestamp>
</msg>
<msg id="33" tool="mc">
  <type>MODULE_UNLOAD</type>
  <arg>C:\Windows\system32\msvcrt.dll</arg>
  <severity>INFO</severity>
  <timestamp>Wed May 20 01:57:10 2020</timestamp>
</msg>
<msg id="34" tool="mc">
  <type>MODULE_UNLOAD</type>
  <arg>C:\Windows\system32\MSVCP140.dll</arg>
  <severity>INFO</severity>
  <timestamp>Wed May 20 01:57:10 2020</timestamp>
</msg>
<msg id="35" tool="mc">
  <type>MODULE_UNLOAD</type>
  <arg>C:\Windows\system32\VCRUNTIME140.dll</arg>
  <severity>INFO</severity>
  <timestamp>Wed May 20 01:57:10 2020</timestamp>
</msg>
<msg id="36" tool="mc">
  <type>MODULE_UNLOAD</type>
  <arg>C:\Windows\system32\ucrtbase.DLL</arg>
  <severity>INFO</severity>
  <timestamp>Wed May 20 01:57:10 2020</timestamp>
</msg>
<msg id="37" tool="mc">
  <type>MODULE_UNLOAD</type>
  <arg>C:\Windows\system32\IMM32.DLL</arg>
  <severity>INFO</severity>
  <timestamp>Wed May 20 01:57:10 2020</timestamp>
</msg>
<msg id="38" tool="mc">
  <type>MODULE_UNLOAD</type>
  <arg>C:\Windows\system32\MSCTF.dll</arg>
  <severity>INFO</severity>
  <timestamp>Wed May 20 01:57:10 2020</timestamp>
</msg>
<msg id="39" tool="mc">
  <type>MODULE_UNLOAD</type>
  <arg>C:\Program Files (x86)\IntelSWTools\Inspector 2019\bin64\runtime\libittnotify.dll</arg>
  <severity>INFO</severity>
  <timestamp>Wed May 20 01:57:10 2020</timestamp>
</msg>
<msg id="40" tool="mc">
  <type>ANALYSIS_COMPLETE</type>
  <arg>c:\users\kaslon\desktop\ips\final_task\final\x64\release\final.exe</arg>
  <severity>INFO</severity>
  <timestamp>Wed May 20 01:57:10 2020</timestamp>
</msg>
<msg id="41" tool="runtool">
  <type>app-exit-code</type>
  <arg>0</arg>
</msg>
<msg id="42" tool="runtool">
  <type>marker-file</type>
  <arg>C:\Users\kaslon\Desktop\IPS\Final_task\Final\Final\My Inspector Results - Final\r011mi3\r011mi3.inspxe</arg>
</msg>
<msg id="43" tool="runtool">
  <type>collector-done</type>
</msg>
<msg id="44" tool="runtool">
  <type>log-end</type>
  <arg>2020/05/20 01:57:14</arg>
</msg>

</log>

