<?xml version="1.0" encoding="utf-8" ?>
<!-- DO NOT EDIT THIS FILE -->

<log version='2.0' source='mc'>
	<!-- Successfully loaded CCRT at address 0x1da0000 - 0x2135000 -->
	<!-- Successfully loaded MC at address 0xc4390000 - 0xc500a000 -->
	<!-- Analysis started for c:\users\kaslon\desktop\ips\final_task\final\x64\release\final.exe, pid = 13552 -->
	<msg id='1' source='mc'>
		<type>EXEC_OF_INTEREST</type>
		<severity>INFO</severity>
		<timestamp>Wed May 20 01:57:02 2020</timestamp>
		<arg name='path'>c:\users\kaslon\desktop\ips\final_task\final\x64\release\final.exe</arg>
		<arg name='pid'>13552</arg>
	</msg>
	<!-- Command line: C:\Program Files (x86)\IntelSWTools\Inspector 2019\bin32\pin -xyzzy -mesgoff console -xyzzy -bridge_save_x87 0 -bridge_save_mxcsr 0 -follow_execv -error_file C:\Users\kaslon\Desktop\IPS\Final_task\Final\Final\My Inspector Results - Final\r011mi3\data.0\pin_error.log -logfile C:\Users\kaslon\Desktop\IPS\Final_task\Final\Final\My Inspector Results - Final\r011mi3\data.0\pin.log -xyzzy -region_max_inss 500 -p64 C:\Program Files (x86)\IntelSWTools\Inspector 2019\bin64\pin -t64 C:\Program Files (x86)\IntelSWTools\Inspector 2019\bin64\memchkr.dll -t C:\Program Files (x86)\IntelSWTools\Inspector 2019\bin32\memchkr.dll -no-analyze-stack -access-checks -leak-check-on-exit -leak-check-on-demand -enable-memory-growth -leak-check-report-reachable -check-resource-leaks -freelist-vol 1000000 -leak-maximum 100000 -guard-zone-size 32 -stack-depth 16 -heartbeat 1 -mrte-mode auto -working-dir C:\Users\kaslon\Desktop\IPS\Final_task\Final\Final\My Inspector Results - Final\r011mi3\data.0 -log mc_Final.log -result Final - C:\Users\kaslon\Desktop\IPS\Final_task\Final\x64\Release\Final.exe  -->
	<!-- mc's options are the following:  -->
	<!-- -help                              false -->
	<!-- -verbose                           false -->
	<!-- -xyzzy                             false -->
	<!-- -version                           false -->
	<!-- -help-all                          false -->
	<!-- -xyzzy-all                         false -->
	<!-- -report-all-instances              false -->
	<!-- -check-for-padded-structures       true -->
	<!-- -check-for-bitfields               true -->
	<!-- -analyze-stack                     false -->
	<!-- -access-checks                     true -->
	<!-- -track-origins                     true -->
	<!-- -duplicate-uninits                 false -->
	<!-- -bss-initialized                   true -->
	<!-- -align-alloc-size                  false -->
	<!-- -report-uninit-read                false -->
	<!-- -ignore-system-libraries           false -->
	<!-- -gen-suppressions                  false -->
	<!-- -leak-check-on-exit                true -->
	<!-- -leak-check-on-demand              true -->
	<!-- -leak-check-uses-baseline          true -->
	<!-- -enable-memory-growth              true -->
	<!-- -leak-check-report-reachable       true -->
	<!-- -leak-check-full                   true -->
	<!-- -check-resource-leaks              true -->
	<!-- -trace-children                    false -->
	<!-- -enable-poke                       false -->
	<!-- -jit-mode-anyway                   false -->
	<!-- -disable-probe-mode-mismatches-64  true -->
	<!-- -aggressive-callstack-caching      false -->
	<!-- -suppress-breakpoints              false -->
	<!-- -monitor-memory                    false -->
	<!-- -freelist-vol                      1000000 -->
	<!-- -leak-maximum                      100000 -->
	<!-- -guard-zone-size                   32 -->
	<!-- -stack-depth                       16 -->
	<!-- -heartbeat                         1 -->
	<!-- -breakpoint-file                   (null) -->
	<!-- -config-file                       (null) -->
	<!-- -log                               mc_Final.log -->
	<!-- -ignore-commands                   (null),  -->
	<!-- -ignore-modules                    (null),  -->
	<!-- -ignore-symbols                    (null),  -->
	<!-- -module-of-interest                (null),  -->
	<!-- -executable-of-interest            (null),  -->
	<!-- -working-dir                       C:\Users\kaslon\Desktop\IPS\Final_task\Final\Final\My Inspector Results - Final\r011mi3\data.0 -->
	<!-- -result                            Final -->
	<!-- -exclude-module                    (null),  -->
	<!-- -include-module                    (null),  -->
	<!-- -only-exec-commands                (null),  -->
	<!-- -suppressions                      (null),  -->
	<!-- -debug                             none -->
	<!-- -shared-mem-name                   (null) -->
	<!-- -poke-function                     (null),  -->
	<!-- -analysis-mode                     (null) -->
	<!-- -disable-gatekeeping               false -->
	<!-- -ignore-os-allocators              false -->
	<!-- -mrte-mode                         auto -->
	<!-- probe mode: no -->
	<!-- mem leaks checks: yes -->
	<!-- res leaks checks: yes -->
	<!-- access checks: yes -->
	<!-- track origin: yes -->
	<!-- Environment: INTEL_LIBITTNOTIFY32=C:\Program Files (x86)\IntelSWTools\Inspector 2019\bin32\runtime\libittnotify.dll -->
	<!-- Environment: INTEL_LIBITTNOTIFY64=C:\Program Files (x86)\IntelSWTools\Inspector 2019\bin64\runtime\libittnotify.dll -->
	<!-- Environment: INTEL_JIT_PROFILER32=C:\Program Files (x86)\IntelSWTools\Inspector 2019\bin32\runtime\libittnotify.dll -->
	<!-- Environment: INTEL_JIT_PROFILER64=C:\Program Files (x86)\IntelSWTools\Inspector 2019\bin64\runtime\libittnotify.dll -->
	<!-- Module loaded c:\windows\system32\kernel32.dll, address range [0x0000000076e50000-0x0000000076f6efff] -->
	<msg id='2' source='mc'>
		<type>MODULE_LOAD</type>
		<severity>INFO</severity>
		<timestamp>Wed May 20 01:57:02 2020</timestamp>
		<arg name='path'>c:\windows\system32\kernel32.dll</arg>
		<arg name='addr1'>0x76e50000</arg>
		<arg name='addr2'>0x76f6efff</arg>
	</msg>
	<!-- Module loaded c:\windows\system32\ntdll.dll, address range [0x0000000077070000-0x0000000077219fff] -->
	<msg id='3' source='mc'>
		<type>MODULE_LOAD</type>
		<severity>INFO</severity>
		<timestamp>Wed May 20 01:57:02 2020</timestamp>
		<arg name='path'>c:\windows\system32\ntdll.dll</arg>
		<arg name='addr1'>0x77070000</arg>
		<arg name='addr2'>0x77219fff</arg>
	</msg>
	<!-- Module loaded c:\users\kaslon\desktop\ips\final_task\final\x64\release\final.exe, address range [0x000000013fd30000-0x000000013fd4dfff] -->
	<msg id='4' source='mc'>
		<type>MODULE_LOAD</type>
		<severity>INFO</severity>
		<timestamp>Wed May 20 01:57:02 2020</timestamp>
		<arg name='path'>c:\users\kaslon\desktop\ips\final_task\final\x64\release\final.exe</arg>
		<arg name='addr1'>0x13fd30000</arg>
		<arg name='addr2'>0x13fd4dfff</arg>
	</msg>
	<!-- Module loaded c:\windows\system32\kernelbase.dll, address range [0x000007fefce00000-0x000007fefce69fff] -->
	<msg id='5' source='mc'>
		<type>MODULE_LOAD</type>
		<severity>INFO</severity>
		<timestamp>Wed May 20 01:57:02 2020</timestamp>
		<arg name='path'>c:\windows\system32\kernelbase.dll</arg>
		<arg name='addr1'>0x7fefce00000</arg>
		<arg name='addr2'>0x7fefce69fff</arg>
	</msg>
	<!-- DIAG: 1 -->
	<!-- Found ZCA section with version 1.1 -->
	<!-- Found ZCA section with version 1.1 -->
	<!-- Found ZCA section with version 1.1 -->
	<!-- Found ZCA section with version 1.1 -->
	<!-- Found ZCA section with version 1.1 -->
	<!-- Found ZCA section with version 1.1 -->
	<!-- Found ZCA section with version 1.1 -->
	<!-- Found ZCA section with version 1.1 -->
	<!-- Found ZCA section with version 1.1 -->
	<!-- Found ZCA section with version 1.1 -->
	<!-- Found ZCA section with version 1.1 -->
	<!-- Found ZCA section with version 1.1 -->
	<!-- Found ZCA section with version 1.1 -->
	<!-- Found ZCA section with version 1.1 -->
	<!-- Found ZCA section with version 1.1 -->
	<!-- Found ZCA section with version 1.1 -->
	<!-- Found ZCA section with version 1.1 -->
	<!-- Found ZCA section with version 1.1 -->
	<!-- Found ZCA section with version 1.1 -->
	<!-- Found ZCA section with version 1.1 -->
	<!-- Found ZCA section with version 1.1 -->
	<!-- Found ZCA section with version 1.1 -->
	<!-- Found ZCA section with version 1.1 -->
	<!-- Module loaded c:\program files (x86)\intelswtools\compilers_and_libraries_2019\windows\redist\intel64\compiler\cilkrts20.dll, address range [0x000007fea7010000-0x000007fea7062fff], minimal analysis -->
	<msg id='6' source='mc'>
		<type>MODULE_LOAD_NO_ANALYSIS</type>
		<severity>INFO</severity>
		<timestamp>Wed May 20 01:57:03 2020</timestamp>
		<arg name='path'>c:\program files (x86)\intelswtools\compilers_and_libraries_2019\windows\redist\intel64\compiler\cilkrts20.dll</arg>
		<arg name='addr1'>0x7fea7010000</arg>
		<arg name='addr2'>0x7fea7062fff</arg>
	</msg>
	<!-- Module loaded c:\windows\system32\user32.dll, address range [0x0000000076f70000-0x0000000077069fff], minimal analysis -->
	<msg id='7' source='mc'>
		<type>MODULE_LOAD_NO_ANALYSIS</type>
		<severity>INFO</severity>
		<timestamp>Wed May 20 01:57:04 2020</timestamp>
		<arg name='path'>c:\windows\system32\user32.dll</arg>
		<arg name='addr1'>0x76f70000</arg>
		<arg name='addr2'>0x77069fff</arg>
	</msg>
	<!-- Module loaded c:\windows\system32\gdi32.dll, address range [0x000007fefe110000-0x000007fefe176fff] -->
	<msg id='8' source='mc'>
		<type>MODULE_LOAD</type>
		<severity>INFO</severity>
		<timestamp>Wed May 20 01:57:04 2020</timestamp>
		<arg name='path'>c:\windows\system32\gdi32.dll</arg>
		<arg name='addr1'>0x7fefe110000</arg>
		<arg name='addr2'>0x7fefe176fff</arg>
	</msg>
	<!-- Module loaded c:\windows\system32\lpk.dll, address range [0x000007fefd550000-0x000007fefd55dfff] -->
	<msg id='9' source='mc'>
		<type>MODULE_LOAD</type>
		<severity>INFO</severity>
		<timestamp>Wed May 20 01:57:04 2020</timestamp>
		<arg name='path'>c:\windows\system32\lpk.dll</arg>
		<arg name='addr1'>0x7fefd550000</arg>
		<arg name='addr2'>0x7fefd55dfff</arg>
	</msg>
	<!-- Module loaded c:\windows\system32\usp10.dll, address range [0x000007fefd120000-0x000007fefd1eafff] -->
	<msg id='10' source='mc'>
		<type>MODULE_LOAD</type>
		<severity>INFO</severity>
		<timestamp>Wed May 20 01:57:04 2020</timestamp>
		<arg name='path'>c:\windows\system32\usp10.dll</arg>
		<arg name='addr1'>0x7fefd120000</arg>
		<arg name='addr2'>0x7fefd1eafff</arg>
	</msg>
	<!-- Module loaded c:\windows\system32\msvcrt.dll, address range [0x000007fefe2b0000-0x000007fefe34efff] -->
	<msg id='11' source='mc'>
		<type>MODULE_LOAD</type>
		<severity>INFO</severity>
		<timestamp>Wed May 20 01:57:04 2020</timestamp>
		<arg name='path'>c:\windows\system32\msvcrt.dll</arg>
		<arg name='addr1'>0x7fefe2b0000</arg>
		<arg name='addr2'>0x7fefe34efff</arg>
	</msg>
	<!-- Module loaded c:\windows\system32\msvcp140.dll, address range [0x000007fea6f70000-0x000007fea7008fff] -->
	<msg id='12' source='mc'>
		<type>MODULE_LOAD</type>
		<severity>INFO</severity>
		<timestamp>Wed May 20 01:57:04 2020</timestamp>
		<arg name='path'>c:\windows\system32\msvcp140.dll</arg>
		<arg name='addr1'>0x7fea6f70000</arg>
		<arg name='addr2'>0x7fea7008fff</arg>
	</msg>
	<!-- Module loaded c:\windows\system32\vcruntime140.dll, address range [0x000007feb9cc0000-0x000007feb9cd5fff] -->
	<msg id='13' source='mc'>
		<type>MODULE_LOAD</type>
		<severity>INFO</severity>
		<timestamp>Wed May 20 01:57:04 2020</timestamp>
		<arg name='path'>c:\windows\system32\vcruntime140.dll</arg>
		<arg name='addr1'>0x7feb9cc0000</arg>
		<arg name='addr2'>0x7feb9cd5fff</arg>
	</msg>
	<!-- Module loaded c:\windows\system32\ucrtbase.dll, address range [0x000007fea6e70000-0x000007fea6f63fff] -->
	<msg id='14' source='mc'>
		<type>MODULE_LOAD</type>
		<severity>INFO</severity>
		<timestamp>Wed May 20 01:57:04 2020</timestamp>
		<arg name='path'>c:\windows\system32\ucrtbase.dll</arg>
		<arg name='addr1'>0x7fea6e70000</arg>
		<arg name='addr2'>0x7fea6f63fff</arg>
	</msg>
	<!-- Module loaded c:\windows\system32\imm32.dll, address range [0x000007fefe010000-0x000007fefe03dfff], minimal analysis -->
	<msg id='15' source='mc'>
		<type>MODULE_LOAD_NO_ANALYSIS</type>
		<severity>INFO</severity>
		<timestamp>Wed May 20 01:57:05 2020</timestamp>
		<arg name='path'>c:\windows\system32\imm32.dll</arg>
		<arg name='addr1'>0x7fefe010000</arg>
		<arg name='addr2'>0x7fefe03dfff</arg>
	</msg>
	<!-- Module loaded c:\windows\system32\msctf.dll, address range [0x000007fefdb50000-0x000007fefdc58fff], minimal analysis -->
	<msg id='16' source='mc'>
		<type>MODULE_LOAD_NO_ANALYSIS</type>
		<severity>INFO</severity>
		<timestamp>Wed May 20 01:57:05 2020</timestamp>
		<arg name='path'>c:\windows\system32\msctf.dll</arg>
		<arg name='addr1'>0x7fefdb50000</arg>
		<arg name='addr2'>0x7fefdc58fff</arg>
	</msg>
	<!-- Module loaded c:\program files (x86)\intelswtools\inspector 2019\bin64\runtime\libittnotify.dll, address range [0x000007fea6e30000-0x000007fea6e63fff], minimal analysis -->
	<msg id='17' source='mc'>
		<type>MODULE_LOAD_NO_ANALYSIS</type>
		<severity>INFO</severity>
		<timestamp>Wed May 20 01:57:06 2020</timestamp>
		<arg name='path'>c:\program files (x86)\intelswtools\inspector 2019\bin64\runtime\libittnotify.dll</arg>
		<arg name='addr1'>0x7fea6e30000</arg>
		<arg name='addr2'>0x7fea6e63fff</arg>
	</msg>
	<!-- DIAG: 2 -->
	<!-- DIAG: 3 -->
	<!-- DIAG: 4 -->
	<!-- DIAG: 5 -->
	<!-- Heartbeat, tids = 15236, syscallStatus = 0, calls = 66491 -->
	<msg id='18' display='false' source='mc'>
		<type>HEARTBEAT</type>
		<severity>INFO</severity>
		<timestamp>Wed May 20 01:57:08 2020</timestamp>
		<arg name='tids'>15236</arg>
		<arg name='syscalls'>0</arg>
		<arg name='calls'>66491</arg>
	</msg>
	<!-- DIAG: 6 -->
	<!-- DIAG: 7 -->
	<!-- DIAG: 8 -->
	<!-- DIAG: 9 -->
	<!-- DIAG: 10 -->
	<!-- DIAG: 11 -->
	<!-- DIAG: 12 -->
	<!-- DIAG: 13 -->
	<!-- DIAG: 14 -->
	<!-- DIAG: 15 -->
	<!-- DIAG: 16 -->
	<!-- DIAG: 17 -->
	<!-- DIAG: 18 -->
	<!-- DIAG: 19 -->
	<!-- DIAG: 20 -->
	<!-- DIAG: 21 -->
	<!-- DIAG: 22 -->
	<!-- DIAG: 23 -->
	<!-- DIAG: 24 -->
	<!-- DIAG: 25 -->
	<!-- DIAG: 26 -->
	<!-- DIAG: 27 -->
	<!-- DIAG: 28 -->
	<!-- DIAG: 29 -->
	<!-- DIAG: 30 -->
	<!-- DIAG: 31 -->
	<!-- DIAG: 32 -->
	<!-- DIAG: 33 -->
	<!-- DIAG: 34 -->
	<!-- DIAG: 35 -->
	<!-- DIAG: 36 -->
	<!-- DIAG: 37 -->
	<!-- DIAG: 38 -->
	<!-- DIAG: 39 -->
	<!-- DIAG: 40 -->
	<!-- DIAG: 41 -->
	<!-- DIAG: 42 -->
	<!-- DIAG: 43 -->
	<!-- DIAG: 44 -->
	<!-- DIAG: 45 -->
	<!-- DIAG: 46 -->
	<!-- DIAG: 47 -->
	<!-- Heartbeat, tids = 15236, syscallStatus = 0, calls = 1154429 -->
	<msg id='19' display='false' source='mc'>
		<type>HEARTBEAT</type>
		<severity>INFO</severity>
		<timestamp>Wed May 20 01:57:09 2020</timestamp>
		<arg name='tids'>15236</arg>
		<arg name='syscalls'>0</arg>
		<arg name='calls'>1154429</arg>
	</msg>
	<!-- DIAG: 48 -->
	<!-- DIAG: 49 -->
	<!-- DIAG: 50 -->
	<!-- DIAG: 51 -->
	<!-- DIAG: 52 -->
	<!-- DIAG: 53 -->
	<!-- DIAG: 54 -->
	<!-- DIAG: 55 -->
	<!-- DIAG: 56 -->
	<!-- DIAG: 57 -->
	<!-- DIAG: 58 -->
	<!-- DIAG: 59 -->
	<!-- DIAG: 60 -->
	<!-- DIAG: 61 -->
	<!-- DIAG: 62 -->
	<!-- DIAG: 63 -->
	<!-- DIAG: 64 -->
	<!-- DIAG: 65 -->
	<!-- DIAG: 66 -->
	<!-- DIAG: 67 -->
	<!-- DIAG: 68 -->
	<!-- DIAG: 69 -->
	<!-- DIAG: 70 -->
	<!-- DIAG: 71 -->
	<!-- DIAG: 72 -->
	<!-- DIAG: 73 -->
	<!-- DIAG: 74 -->
	<!-- DIAG: 75 -->
	<!-- DIAG: 76 -->
	<!-- DIAG: 77 -->
	<!-- DIAG: 78 -->
	<!-- DIAG: 79 -->
	<!-- DIAG: 80 -->
	<!-- DIAG: 81 -->
	<!-- DIAG: 82 -->
	<!-- DIAG: 83 -->
	<!-- DIAG: 84 -->
	<!-- DIAG: 85 -->
	<!-- DIAG: 86 -->
	<!-- DIAG: 87 -->
	<!-- DIAG: 88 -->
	<!-- DIAG: 89 -->
	<!-- DIAG: 90 -->
	<!-- DIAG: 91 -->
	<!-- DIAG: 92 -->
	<!-- DIAG: 93 -->
	<!-- DIAG: 94 -->
	<!-- DIAG: 95 -->
	<!-- DIAG: 96 -->
	<!-- DIAG: 97 -->
	<!-- DIAG: 98 -->
	<!-- DIAG: 99 -->
	<!-- DIAG: 100 -->
	<!-- DIAG: 101 -->
	<!-- DIAG: 102 -->
	<!-- DIAG: 103 -->
	<!-- DIAG: 104 -->
	<!-- DIAG: 105 -->
	<!-- DIAG: 106 -->
	<!-- DIAG: 107 -->
	<!-- DIAG: 108 -->
	<!-- DIAG: 109 -->
	<!-- DIAG: 110 -->
	<!-- DIAG: 111 -->
	<!-- DIAG: 112 -->
	<!-- DIAG: 113 -->
	<!-- DIAG: 114 -->
	<!-- DIAG: 115 -->
	<!-- DIAG: 116 -->
	<!-- DIAG: 117 -->
	<!-- DIAG: 118 -->
	<!-- DIAG: 119 -->
	<!-- DIAG: 120 -->
	<!-- DIAG: 121 -->
	<!-- DIAG: 122 -->
	<!-- DIAG: 123 -->
	<!-- DIAG: 124 -->
	<!-- DIAG: 125 -->
	<!-- DIAG: 126 -->
	<!-- DIAG: 127 -->
	<!-- DIAG: 128 -->
	<!-- DIAG: 129 -->
	<!-- DIAG: 130 -->
	<!-- DIAG: 131 -->
	<!-- Process c:\users\kaslon\desktop\ips\final_task\final\x64\release\final.exe exited with code 0. Leak analysis starting - this may take a while. -->
	<msg id='20' source='mc'>
		<type>PROCESS_COMPLETE</type>
		<severity>INFO</severity>
		<timestamp>Wed May 20 01:57:10 2020</timestamp>
		<arg name='path'>c:\users\kaslon\desktop\ips\final_task\final\x64\release\final.exe</arg>
		<arg name='code'>0</arg>
	</msg>
	<!-- Module unloaded C:\Windows\system32\kernel32.dll -->
	<msg id='21' source='mc'>
		<type>MODULE_UNLOAD</type>
		<severity>INFO</severity>
		<timestamp>Wed May 20 01:57:10 2020</timestamp>
		<arg name='path'>C:\Windows\system32\kernel32.dll</arg>
	</msg>
	<!-- Module unloaded C:\Windows\SYSTEM32\ntdll.dll -->
	<msg id='22' source='mc'>
		<type>MODULE_UNLOAD</type>
		<severity>INFO</severity>
		<timestamp>Wed May 20 01:57:10 2020</timestamp>
		<arg name='path'>C:\Windows\SYSTEM32\ntdll.dll</arg>
	</msg>
	<!-- Module unloaded C:\Users\kaslon\Desktop\IPS\Final_task\Final\x64\Release\Final.exe -->
	<msg id='23' source='mc'>
		<type>MODULE_UNLOAD</type>
		<severity>INFO</severity>
		<timestamp>Wed May 20 01:57:10 2020</timestamp>
		<arg name='path'>C:\Users\kaslon\Desktop\IPS\Final_task\Final\x64\Release\Final.exe</arg>
	</msg>
	<!-- Module unloaded C:\Windows\system32\KERNELBASE.dll -->
	<msg id='24' source='mc'>
		<type>MODULE_UNLOAD</type>
		<severity>INFO</severity>
		<timestamp>Wed May 20 01:57:10 2020</timestamp>
		<arg name='path'>C:\Windows\system32\KERNELBASE.dll</arg>
	</msg>
	<!-- Module unloaded C:\Program Files (x86)\IntelSWTools\compilers_and_libraries_2019\windows\redist\intel64\compiler\cilkrts20.dll -->
	<msg id='25' source='mc'>
		<type>MODULE_UNLOAD</type>
		<severity>INFO</severity>
		<timestamp>Wed May 20 01:57:10 2020</timestamp>
		<arg name='path'>C:\Program Files (x86)\IntelSWTools\compilers_and_libraries_2019\windows\redist\intel64\compiler\cilkrts20.dll</arg>
	</msg>
	<!-- Module unloaded C:\Windows\system32\USER32.dll -->
	<msg id='26' source='mc'>
		<type>MODULE_UNLOAD</type>
		<severity>INFO</severity>
		<timestamp>Wed May 20 01:57:10 2020</timestamp>
		<arg name='path'>C:\Windows\system32\USER32.dll</arg>
	</msg>
	<!-- Module unloaded C:\Windows\system32\GDI32.dll -->
	<msg id='27' source='mc'>
		<type>MODULE_UNLOAD</type>
		<severity>INFO</severity>
		<timestamp>Wed May 20 01:57:10 2020</timestamp>
		<arg name='path'>C:\Windows\system32\GDI32.dll</arg>
	</msg>
	<!-- Module unloaded C:\Windows\system32\LPK.dll -->
	<msg id='28' source='mc'>
		<type>MODULE_UNLOAD</type>
		<severity>INFO</severity>
		<timestamp>Wed May 20 01:57:10 2020</timestamp>
		<arg name='path'>C:\Windows\system32\LPK.dll</arg>
	</msg>
	<!-- Module unloaded C:\Windows\system32\USP10.dll -->
	<msg id='29' source='mc'>
		<type>MODULE_UNLOAD</type>
		<severity>INFO</severity>
		<timestamp>Wed May 20 01:57:10 2020</timestamp>
		<arg name='path'>C:\Windows\system32\USP10.dll</arg>
	</msg>
	<!-- Module unloaded C:\Windows\system32\msvcrt.dll -->
	<msg id='30' source='mc'>
		<type>MODULE_UNLOAD</type>
		<severity>INFO</severity>
		<timestamp>Wed May 20 01:57:10 2020</timestamp>
		<arg name='path'>C:\Windows\system32\msvcrt.dll</arg>
	</msg>
	<!-- Module unloaded C:\Windows\system32\MSVCP140.dll -->
	<msg id='31' source='mc'>
		<type>MODULE_UNLOAD</type>
		<severity>INFO</severity>
		<timestamp>Wed May 20 01:57:10 2020</timestamp>
		<arg name='path'>C:\Windows\system32\MSVCP140.dll</arg>
	</msg>
	<!-- Module unloaded C:\Windows\system32\VCRUNTIME140.dll -->
	<msg id='32' source='mc'>
		<type>MODULE_UNLOAD</type>
		<severity>INFO</severity>
		<timestamp>Wed May 20 01:57:10 2020</timestamp>
		<arg name='path'>C:\Windows\system32\VCRUNTIME140.dll</arg>
	</msg>
	<!-- Module unloaded C:\Windows\system32\ucrtbase.DLL -->
	<msg id='33' source='mc'>
		<type>MODULE_UNLOAD</type>
		<severity>INFO</severity>
		<timestamp>Wed May 20 01:57:10 2020</timestamp>
		<arg name='path'>C:\Windows\system32\ucrtbase.DLL</arg>
	</msg>
	<!-- Module unloaded C:\Windows\system32\IMM32.DLL -->
	<msg id='34' source='mc'>
		<type>MODULE_UNLOAD</type>
		<severity>INFO</severity>
		<timestamp>Wed May 20 01:57:10 2020</timestamp>
		<arg name='path'>C:\Windows\system32\IMM32.DLL</arg>
	</msg>
	<!-- Module unloaded C:\Windows\system32\MSCTF.dll -->
	<msg id='35' source='mc'>
		<type>MODULE_UNLOAD</type>
		<severity>INFO</severity>
		<timestamp>Wed May 20 01:57:10 2020</timestamp>
		<arg name='path'>C:\Windows\system32\MSCTF.dll</arg>
	</msg>
	<!-- Module unloaded C:\Program Files (x86)\IntelSWTools\Inspector 2019\bin64\runtime\libittnotify.dll -->
	<msg id='36' source='mc'>
		<type>MODULE_UNLOAD</type>
		<severity>INFO</severity>
		<timestamp>Wed May 20 01:57:10 2020</timestamp>
		<arg name='path'>C:\Program Files (x86)\IntelSWTools\Inspector 2019\bin64\runtime\libittnotify.dll</arg>
	</msg>
	<!-- Analysis completed for c:\users\kaslon\desktop\ips\final_task\final\x64\release\final.exe -->
	<msg id='37' source='mc'>
		<type>ANALYSIS_COMPLETE</type>
		<severity>INFO</severity>
		<timestamp>Wed May 20 01:57:10 2020</timestamp>
		<arg name='path'>c:\users\kaslon\desktop\ips\final_task\final\x64\release\final.exe</arg>
	</msg>